<?xml version="1.0" encoding="UTF-8"?>
<!-- Generated by org.testng.reporters.JUnitReportReporter -->
<testsuite hostname="DESKTOP-BQHJTHB" failures="0" tests="2" name="eptesting.Maven.SeleniumTest" time="0.015" errors="0" timestamp="2022-01-08T22:28:41 PST" skipped="0">
  <testcase classname="eptesting.Maven.SeleniumTest" name="elementUi" time="0.001"/>
  <system-out/>
  <testcase classname="eptesting.Maven.SeleniumTest" name="browserAutomation" time="0.014"/>
  <system-out/>
</testsuite> <!-- eptesting.Maven.SeleniumTest -->
