<?xml version="1.0" encoding="UTF-8"?>
<!-- Generated by org.testng.reporters.JUnitReportReporter -->
<testsuite hostname="DESKTOP-BQHJTHB" failures="0" tests="2" name="eptesting.Maven.RESTAPITest" time="0.004" errors="0" timestamp="2022-01-08T22:28:41 PST" skipped="0">
  <testcase classname="eptesting.Maven.RESTAPITest" name="postJira" time="0.001"/>
  <system-out/>
  <testcase classname="eptesting.Maven.RESTAPITest" name="deleteTwitter" time="0.003"/>
  <system-out/>
</testsuite> <!-- eptesting.Maven.RESTAPITest -->
