<?xml version="1.0" encoding="UTF-8"?>
<!-- Generated by org.testng.reporters.JUnitReportReporter -->
<testsuite hostname="DESKTOP-BQHJTHB" failures="0" tests="2" name="eptesting.Maven.AppiumTest" time="0.005" errors="0" timestamp="2022-01-08T22:28:41 PST" skipped="0">
  <testcase classname="eptesting.Maven.AppiumTest" name="IOSApps" time="0.003"/>
  <system-out/>
  <testcase classname="eptesting.Maven.AppiumTest" name="NativeAppAndroid" time="0.002"/>
  <system-out/>
</testsuite> <!-- eptesting.Maven.AppiumTest -->
