<?xml version="1.0" encoding="UTF-8"?>
<!-- Generated by org.testng.reporters.JUnitReportReporter -->
<testsuite skipped="0" hostname="DESKTOP-BQHJTHB" name="eptesting.Maven.RESTAPITest" tests="2" failures="0" timestamp="2022-01-06T18:54:26 PST" time="0.000" errors="0">
  <testcase name="deleteTwitter" time="0.000" classname="eptesting.Maven.RESTAPITest"/>
  <system-out/>
  <testcase name="postJira" time="0.000" classname="eptesting.Maven.RESTAPITest"/>
  <system-out/>
</testsuite> <!-- eptesting.Maven.RESTAPITest -->
