<?xml version="1.0" encoding="UTF-8"?>
<!-- Generated by org.testng.reporters.JUnitReportReporter -->
<testsuite skipped="0" hostname="DESKTOP-BQHJTHB" name="eptesting.Maven.SeleniumTest" tests="2" failures="0" timestamp="2022-01-06T18:54:26 PST" time="0.013" errors="0">
  <testcase name="elementUi" time="0.001" classname="eptesting.Maven.SeleniumTest"/>
  <system-out/>
  <testcase name="browserAutomation" time="0.012" classname="eptesting.Maven.SeleniumTest"/>
  <system-out/>
</testsuite> <!-- eptesting.Maven.SeleniumTest -->
