<?xml version="1.0" encoding="UTF-8"?>
<!-- Generated by org.testng.reporters.JUnitReportReporter -->
<testsuite skipped="0" hostname="DESKTOP-BQHJTHB" name="eptesting.Maven.AppiumTest" tests="2" failures="0" timestamp="2022-01-06T18:54:26 PST" time="0.000" errors="0">
  <testcase name="NativeAppAndroid" time="0.000" classname="eptesting.Maven.AppiumTest"/>
  <system-out/>
  <testcase name="IOSApps" time="0.000" classname="eptesting.Maven.AppiumTest"/>
  <system-out/>
</testsuite> <!-- eptesting.Maven.AppiumTest -->
